{
  "stats": {
    "suites": 1,
    "tests": 2,
    "passes": 1,
    "pending": 0,
    "failures": 1,
    "start": "2025-05-18T12:10:54.519Z",
    "end": "2025-05-18T12:11:02.418Z",
    "duration": 7899,
    "testsRegistered": 2,
    "passPercent": 50,
    "pendingPercent": 0,
    "other": 0,
    "hasOther": false,
    "skipped": 0,
    "hasSkipped": false
  },
  "results": [
    {
      "uuid": "cd1ba1b5-016f-4229-9f09-448ee60b1fa9",
      "title": "",
      "fullFile": "cypress/e2e/ShellBD/Forgot_pass.cy.js",
      "file": "cypress/e2e/ShellBD/Forgot_pass.cy.js",
      "beforeHooks": [],
      "afterHooks": [],
      "tests": [],
      "suites": [
        {
          "uuid": "73288f1c-6dc8-46eb-a4bf-0546721f6fe9",
          "title": "Forgot Password",
          "fullFile": "",
          "file": "",
          "beforeHooks": [],
          "afterHooks": [],
          "tests": [
            {
              "title": "TC_12-Should open the Forgot Password page with phone number field",
              "fullTitle": "Forgot Password TC_12-Should open the Forgot Password page with phone number field",
              "timedOut": null,
              "duration": 2258,
              "state": "passed",
              "speed": "fast",
              "pass": true,
              "fail": false,
              "pending": false,
              "context": null,
              "code": "cy.visit(\"https://estore.rkpl.com.bd/\");\ncy.contains('button', 'Sign In').click();\ncy.get('a[href=\"/forgot-password\"]').click();\ncy.url().should('include', '/forgot-password');\ncy.get('input[name=\"phone\"]').should('be.visible');",
              "err": {},
              "uuid": "4b19684a-4f9f-4292-b1c3-12a2c679f5db",
              "parentUUID": "73288f1c-6dc8-46eb-a4bf-0546721f6fe9",
              "isHook": false,
              "skipped": false
            },
            {
              "title": "TC_13-Should open the OTP verification page and show 'OTP successfully sent' message",
              "fullTitle": "Forgot Password TC_13-Should open the OTP verification page and show 'OTP successfully sent' message",
              "timedOut": null,
              "duration": 5577,
              "state": "failed",
              "speed": null,
              "pass": false,
              "fail": true,
              "pending": false,
              "context": null,
              "code": "cy.visit(\"https://estore.rkpl.com.bd/\");\ncy.contains('button', 'Sign In').click();\ncy.get('a[href=\"/forgot-password\"]').click();\ncy.get('input[name=\"phone\"]').type('01851100944');\ncy.contains('div', 'Continue').click();\ncy.get('div[data-title=\"\"]').should('be.visible').and('contain.text', \"OTP successfully sent\");\ncy.url().should('include', '/otp-verification');",
              "err": {
                "message": "AssertionError: Timed out retrying after 4000ms: Expected to find element: `div[data-title=\"\"]`, but never found it.",
                "estack": "AssertionError: Timed out retrying after 4000ms: Expected to find element: `div[data-title=\"\"]`, but never found it.\n    at Context.eval (webpack://cypress-project/./cypress/e2e/ShellBD/Forgot_pass.cy.js:23:11)",
                "diff": null
              },
              "uuid": "04b9f0d7-94ab-4ae9-b6e2-4534344d49f8",
              "parentUUID": "73288f1c-6dc8-46eb-a4bf-0546721f6fe9",
              "isHook": false,
              "skipped": false
            }
          ],
          "suites": [],
          "passes": [
            "4b19684a-4f9f-4292-b1c3-12a2c679f5db"
          ],
          "failures": [
            "04b9f0d7-94ab-4ae9-b6e2-4534344d49f8"
          ],
          "pending": [],
          "skipped": [],
          "duration": 7835,
          "root": false,
          "rootEmpty": false,
          "_timeout": 2000
        }
      ],
      "passes": [],
      "failures": [],
      "pending": [],
      "skipped": [],
      "duration": 0,
      "root": true,
      "rootEmpty": true,
      "_timeout": 2000
    }
  ],
  "meta": {
    "mocha": {
      "version": "7.2.0"
    },
    "mochawesome": {
      "options": {
        "quiet": false,
        "reportFilename": "test-report",
        "saveHtml": true,
        "saveJson": true,
        "consoleReporter": "spec",
        "useInlineDiffs": false,
        "code": true
      },
      "version": "7.1.3"
    },
    "marge": {
      "options": {
        "reportDir": "mochawesome-report",
        "overwrite": true,
        "html": true,
        "json": true,
        "reportFilename": "test-report"
      },
      "version": "6.2.0"
    }
  }
}