{
  "stats": {
    "suites": 1,
    "tests": 5,
    "passes": 4,
    "pending": 0,
    "failures": 1,
    "start": "2025-06-03T06:11:25.976Z",
    "end": "2025-06-03T06:11:42.980Z",
    "duration": 17004,
    "testsRegistered": 5,
    "passPercent": 80,
    "pendingPercent": 0,
    "other": 0,
    "hasOther": false,
    "skipped": 0,
    "hasSkipped": false
  },
  "results": [
    {
      "uuid": "d9f8515a-5a87-4a65-bf1f-1b0bc45e7cc8",
      "title": "",
      "fullFile": "cypress/e2e/ShellBD/Frontend_Automation/Trending_Products/1.2.7-Trending_Products.cy.js",
      "file": "cypress/e2e/ShellBD/Frontend_Automation/Trending_Products/1.2.7-Trending_Products.cy.js",
      "beforeHooks": [],
      "afterHooks": [],
      "tests": [],
      "suites": [
        {
          "uuid": "2d928c59-4286-4240-b19d-1a790a30af06",
          "title": "Trendin Products",
          "fullFile": "",
          "file": "",
          "beforeHooks": [],
          "afterHooks": [],
          "tests": [
            {
              "title": "TC_62-Should display Trending Products",
              "fullTitle": "Trendin Products TC_62-Should display Trending Products",
              "timedOut": null,
              "duration": 1626,
              "state": "passed",
              "speed": "fast",
              "pass": true,
              "fail": false,
              "pending": false,
              "context": null,
              "code": "cy.contains(\"h1\", \"Trending Products\").scrollIntoView().should('be.visible');",
              "err": {},
              "uuid": "f0653a0e-e7f6-4833-90f4-74bbb188006f",
              "parentUUID": "2d928c59-4286-4240-b19d-1a790a30af06",
              "isHook": false,
              "skipped": false
            },
            {
              "title": "TC_70-Clicks the next and prev button in the trending products list",
              "fullTitle": "Trendin Products TC_70-Clicks the next and prev button in the trending products list",
              "timedOut": null,
              "duration": 1361,
              "state": "passed",
              "speed": "fast",
              "pass": true,
              "fail": false,
              "pending": false,
              "context": null,
              "code": "cy.get('img[alt=\"Next\"]').should('be.visible').first().click();\ncy.get('img[alt=\"Previous\"]').should('be.visible').first().click();",
              "err": {},
              "uuid": "50ca77dc-1824-4628-a0a1-e7a8ecf9c279",
              "parentUUID": "2d928c59-4286-4240-b19d-1a790a30af06",
              "isHook": false,
              "skipped": false
            },
            {
              "title": "TC_69-Should navigate to product details when clicking on a trending product",
              "fullTitle": "Trendin Products TC_69-Should navigate to product details when clicking on a trending product",
              "timedOut": null,
              "duration": 1486,
              "state": "passed",
              "speed": "fast",
              "pass": true,
              "fail": false,
              "pending": false,
              "context": null,
              "code": "cy.get('.slick-slide.slick-active[data-index=\"0\"] a[href^=\"/product/\"]').click();\ncy.get('.product_detail_image img').trigger('mouseover').should('have.css', 'transform').and('not.equal', 'scale(1)');",
              "err": {},
              "uuid": "44aedb10-d16c-4028-9ad2-f3628e346507",
              "parentUUID": "2d928c59-4286-4240-b19d-1a790a30af06",
              "isHook": false,
              "skipped": false
            },
            {
              "title": "TC_71-Product should be added to the cart when Click on Add to Cart",
              "fullTitle": "Trendin Products TC_71-Product should be added to the cart when Click on Add to Cart",
              "timedOut": null,
              "duration": 1581,
              "state": "passed",
              "speed": "fast",
              "pass": true,
              "fail": false,
              "pending": false,
              "context": null,
              "code": "cy.get('.slick-slide.slick-active[data-index=\"0\"] a[href^=\"/product/\"]').click();\ncy.get('button[type=\"button\"]').contains('Add to Cart').click();",
              "err": {},
              "uuid": "d136900d-ad5e-4717-bef3-2f2185433555",
              "parentUUID": "2d928c59-4286-4240-b19d-1a790a30af06",
              "isHook": false,
              "skipped": false
            },
            {
              "title": "TC_72-Should not add the same product more than once",
              "fullTitle": "Trendin Products TC_72-Should not add the same product more than once",
              "timedOut": null,
              "duration": 10743,
              "state": "failed",
              "speed": null,
              "pass": false,
              "fail": true,
              "pending": false,
              "context": null,
              "code": "cy.get('.slick-slide.slick-active[data-index=\"0\"] a[href^=\"/product/\"]').click();\ncy.get('button[type=\"button\"]').contains('Add to Cart').click();\ncy.wait(1000);\ncy.get('button[type=\"button\"]').contains('Add to Cart').click();\ncy.wait(4000);\ncy.contains('Product already added!').should('be.visible');",
              "err": {
                "message": "AssertionError: Timed out retrying after 4000ms: Expected to find content: 'Product already added!' but never did.",
                "estack": "AssertionError: Timed out retrying after 4000ms: Expected to find content: 'Product already added!' but never did.\n    at Context.eval (webpack://cypress-project/./cypress/e2e/ShellBD/Frontend_Automation/Trending_Products/1.2.7-Trending_Products.cy.js:82:11)",
                "diff": null
              },
              "uuid": "98c3c879-952a-46df-b6fa-81e8f0a4ff91",
              "parentUUID": "2d928c59-4286-4240-b19d-1a790a30af06",
              "isHook": false,
              "skipped": false
            }
          ],
          "suites": [],
          "passes": [
            "f0653a0e-e7f6-4833-90f4-74bbb188006f",
            "50ca77dc-1824-4628-a0a1-e7a8ecf9c279",
            "44aedb10-d16c-4028-9ad2-f3628e346507",
            "d136900d-ad5e-4717-bef3-2f2185433555"
          ],
          "failures": [
            "98c3c879-952a-46df-b6fa-81e8f0a4ff91"
          ],
          "pending": [],
          "skipped": [],
          "duration": 16797,
          "root": false,
          "rootEmpty": false,
          "_timeout": 2000
        }
      ],
      "passes": [],
      "failures": [],
      "pending": [],
      "skipped": [],
      "duration": 0,
      "root": true,
      "rootEmpty": true,
      "_timeout": 2000
    }
  ],
  "meta": {
    "mocha": {
      "version": "7.2.0"
    },
    "mochawesome": {
      "options": {
        "quiet": false,
        "reportFilename": "test-report",
        "saveHtml": true,
        "saveJson": true,
        "consoleReporter": "spec",
        "useInlineDiffs": false,
        "code": true
      },
      "version": "7.1.3"
    },
    "marge": {
      "options": {
        "reportDir": "mochawesome-report",
        "overwrite": true,
        "html": true,
        "json": true,
        "reportFilename": "test-report"
      },
      "version": "6.2.0"
    }
  }
}